mode: set
github.com/louisealberti/onboarding-api/internal/service/customer_service.go:20.74,22.2 1 1
github.com/louisealberti/onboarding-api/internal/service/customer_service.go:24.89,26.19 2 1
github.com/louisealberti/onboarding-api/internal/service/customer_service.go:26.19,28.3 1 1
github.com/louisealberti/onboarding-api/internal/service/customer_service.go:29.2,29.19 1 1
github.com/louisealberti/onboarding-api/internal/service/customer_service.go:29.19,31.3 1 1
github.com/louisealberti/onboarding-api/internal/service/customer_service.go:32.2,32.25 1 1
github.com/louisealberti/onboarding-api/internal/service/customer_service.go:32.25,34.3 1 1
github.com/louisealberti/onboarding-api/internal/service/customer_service.go:36.2,37.50 2 1
github.com/louisealberti/onboarding-api/internal/service/customer_service.go:37.50,39.3 1 1
github.com/louisealberti/onboarding-api/internal/service/customer_service.go:40.2,40.21 1 1
github.com/louisealberti/onboarding-api/internal/service/customer_service.go:40.21,42.3 1 1
github.com/louisealberti/onboarding-api/internal/service/customer_service.go:44.2,51.22 7 1
github.com/louisealberti/onboarding-api/internal/service/customer_service.go:51.22,56.3 4 1
github.com/louisealberti/onboarding-api/internal/service/customer_service.go:58.2,58.26 1 1
github.com/louisealberti/onboarding-api/internal/service/customer_service.go:58.26,63.3 4 1
github.com/louisealberti/onboarding-api/internal/service/customer_service.go:65.2,65.38 1 1
github.com/louisealberti/onboarding-api/internal/service/customer_service.go:68.103,70.16 2 1
github.com/louisealberti/onboarding-api/internal/service/customer_service.go:70.16,71.36 1 1
github.com/louisealberti/onboarding-api/internal/service/customer_service.go:71.36,73.4 1 1
github.com/louisealberti/onboarding-api/internal/service/customer_service.go:74.3,74.18 1 1
github.com/louisealberti/onboarding-api/internal/service/customer_service.go:76.2,76.22 1 1
github.com/louisealberti/onboarding-api/internal/service/customer_service.go:79.102,81.16 2 0
github.com/louisealberti/onboarding-api/internal/service/customer_service.go:81.16,82.36 1 0
github.com/louisealberti/onboarding-api/internal/service/customer_service.go:82.36,84.4 1 0
github.com/louisealberti/onboarding-api/internal/service/customer_service.go:85.3,85.18 1 0
github.com/louisealberti/onboarding-api/internal/service/customer_service.go:87.2,87.22 1 0
github.com/louisealberti/onboarding-api/internal/service/customer_service.go:90.103,92.16 2 1
github.com/louisealberti/onboarding-api/internal/service/customer_service.go:92.16,93.36 1 1
github.com/louisealberti/onboarding-api/internal/service/customer_service.go:93.36,95.4 1 1
github.com/louisealberti/onboarding-api/internal/service/customer_service.go:96.3,96.13 1 1
github.com/louisealberti/onboarding-api/internal/service/customer_service.go:99.2,109.36 9 1
github.com/louisealberti/onboarding-api/internal/service/customer_service.go:109.36,110.29 1 1
github.com/louisealberti/onboarding-api/internal/service/customer_service.go:110.29,115.4 4 1
github.com/louisealberti/onboarding-api/internal/service/customer_service.go:115.9,121.22 2 1
github.com/louisealberti/onboarding-api/internal/service/customer_service.go:121.22,127.5 5 1
github.com/louisealberti/onboarding-api/internal/service/customer_service.go:132.2,135.32 3 1
github.com/louisealberti/onboarding-api/internal/service/customer_service.go:135.32,136.39 1 1
github.com/louisealberti/onboarding-api/internal/service/customer_service.go:136.39,138.23 2 1
github.com/louisealberti/onboarding-api/internal/service/customer_service.go:138.23,141.51 3 1
github.com/louisealberti/onboarding-api/internal/service/customer_service.go:141.51,143.6 1 0
github.com/louisealberti/onboarding-api/internal/service/customer_service.go:143.11,145.6 1 1
github.com/louisealberti/onboarding-api/internal/service/customer_service.go:146.10,149.5 2 1
github.com/louisealberti/onboarding-api/internal/service/customer_service.go:153.2,153.44 1 1
github.com/louisealberti/onboarding-api/internal/service/customer_service.go:155.83,157.16 2 1
github.com/louisealberti/onboarding-api/internal/service/customer_service.go:157.16,158.36 1 1
github.com/louisealberti/onboarding-api/internal/service/customer_service.go:158.36,160.4 1 1
github.com/louisealberti/onboarding-api/internal/service/customer_service.go:161.3,161.13 1 1
github.com/louisealberti/onboarding-api/internal/service/customer_service.go:164.2,164.34 1 1
github.com/louisealberti/onboarding-api/internal/service/customer_service.go:164.34,166.3 1 1
github.com/louisealberti/onboarding-api/internal/service/customer_service.go:168.2,168.35 1 1
github.com/louisealberti/onboarding-api/internal/service/customer_service.go:171.76,172.24 1 1
github.com/louisealberti/onboarding-api/internal/service/customer_service.go:172.24,173.33 1 1
github.com/louisealberti/onboarding-api/internal/service/customer_service.go:173.33,175.4 1 1
github.com/louisealberti/onboarding-api/internal/service/customer_service.go:177.2,177.12 1 1
github.com/louisealberti/onboarding-api/internal/service/customer_service.go:180.57,185.2 1 1
github.com/louisealberti/onboarding-api/internal/service/mock_customer_repository.go:15.103,17.24 2 1
github.com/louisealberti/onboarding-api/internal/service/mock_customer_repository.go:17.24,19.3 1 1
github.com/louisealberti/onboarding-api/internal/service/mock_customer_repository.go:20.2,20.54 1 1
github.com/louisealberti/onboarding-api/internal/service/mock_customer_repository.go:23.106,25.24 2 1
github.com/louisealberti/onboarding-api/internal/service/mock_customer_repository.go:25.24,27.3 1 1
github.com/louisealberti/onboarding-api/internal/service/mock_customer_repository.go:28.2,28.54 1 1
github.com/louisealberti/onboarding-api/internal/service/mock_customer_repository.go:31.103,34.2 2 1
github.com/louisealberti/onboarding-api/internal/service/mock_customer_repository.go:36.103,39.2 2 1
github.com/louisealberti/onboarding-api/internal/service/mock_customer_repository.go:41.106,43.24 2 0
github.com/louisealberti/onboarding-api/internal/service/mock_customer_repository.go:43.24,45.3 1 0
github.com/louisealberti/onboarding-api/internal/service/mock_customer_repository.go:46.2,46.54 1 0
github.com/louisealberti/onboarding-api/internal/service/mock_customer_repository.go:49.86,52.2 2 1
