mode: set
example.com/customer/internal/service/customer_service.go:20.74,22.2 1 1
example.com/customer/internal/service/customer_service.go:24.89,26.19 2 1
example.com/customer/internal/service/customer_service.go:26.19,28.3 1 1
example.com/customer/internal/service/customer_service.go:29.2,29.19 1 1
example.com/customer/internal/service/customer_service.go:29.19,31.3 1 1
example.com/customer/internal/service/customer_service.go:32.2,32.25 1 1
example.com/customer/internal/service/customer_service.go:32.25,34.3 1 1
example.com/customer/internal/service/customer_service.go:36.2,37.50 2 1
example.com/customer/internal/service/customer_service.go:37.50,39.3 1 1
example.com/customer/internal/service/customer_service.go:40.2,40.21 1 1
example.com/customer/internal/service/customer_service.go:40.21,42.3 1 1
example.com/customer/internal/service/customer_service.go:45.2,52.22 7 1
example.com/customer/internal/service/customer_service.go:52.22,57.3 4 0
example.com/customer/internal/service/customer_service.go:59.2,59.26 1 1
example.com/customer/internal/service/customer_service.go:59.26,64.3 4 0
example.com/customer/internal/service/customer_service.go:66.2,66.38 1 1
example.com/customer/internal/service/customer_service.go:69.103,71.16 2 1
example.com/customer/internal/service/customer_service.go:71.16,72.36 1 1
example.com/customer/internal/service/customer_service.go:72.36,74.4 1 1
example.com/customer/internal/service/customer_service.go:75.3,75.18 1 0
example.com/customer/internal/service/customer_service.go:77.2,77.22 1 1
example.com/customer/internal/service/customer_service.go:80.103,82.16 2 1
example.com/customer/internal/service/customer_service.go:82.16,83.36 1 1
example.com/customer/internal/service/customer_service.go:83.36,85.4 1 1
example.com/customer/internal/service/customer_service.go:86.3,86.13 1 0
example.com/customer/internal/service/customer_service.go:89.2,99.36 9 1
example.com/customer/internal/service/customer_service.go:99.36,100.29 1 1
example.com/customer/internal/service/customer_service.go:100.29,105.4 4 1
example.com/customer/internal/service/customer_service.go:105.9,111.22 2 1
example.com/customer/internal/service/customer_service.go:111.22,117.5 5 1
example.com/customer/internal/service/customer_service.go:122.2,125.32 3 1
example.com/customer/internal/service/customer_service.go:125.32,126.39 1 1
example.com/customer/internal/service/customer_service.go:126.39,128.23 2 1
example.com/customer/internal/service/customer_service.go:128.23,131.51 3 1
example.com/customer/internal/service/customer_service.go:131.51,133.6 1 0
example.com/customer/internal/service/customer_service.go:133.11,135.6 1 1
example.com/customer/internal/service/customer_service.go:136.10,139.5 2 1
example.com/customer/internal/service/customer_service.go:143.2,143.44 1 1
example.com/customer/internal/service/customer_service.go:145.83,148.16 2 1
example.com/customer/internal/service/customer_service.go:148.16,149.36 1 1
example.com/customer/internal/service/customer_service.go:149.36,151.4 1 1
example.com/customer/internal/service/customer_service.go:152.3,152.13 1 0
example.com/customer/internal/service/customer_service.go:157.2,157.34 1 1
example.com/customer/internal/service/customer_service.go:157.34,159.3 1 1
example.com/customer/internal/service/customer_service.go:161.2,161.35 1 1
example.com/customer/internal/service/customer_service.go:164.76,165.24 1 1
example.com/customer/internal/service/customer_service.go:165.24,166.33 1 1
example.com/customer/internal/service/customer_service.go:166.33,168.4 1 1
example.com/customer/internal/service/customer_service.go:170.2,170.12 1 1
example.com/customer/internal/service/customer_service.go:173.57,178.2 1 1
example.com/customer/internal/service/mock_customer_repository.go:15.103,17.24 2 1
example.com/customer/internal/service/mock_customer_repository.go:17.24,19.3 1 1
example.com/customer/internal/service/mock_customer_repository.go:20.2,20.54 1 1
example.com/customer/internal/service/mock_customer_repository.go:23.106,25.24 2 1
example.com/customer/internal/service/mock_customer_repository.go:25.24,27.3 1 1
example.com/customer/internal/service/mock_customer_repository.go:28.2,28.54 1 1
example.com/customer/internal/service/mock_customer_repository.go:31.103,34.2 2 1
example.com/customer/internal/service/mock_customer_repository.go:36.103,39.2 2 1
example.com/customer/internal/service/mock_customer_repository.go:41.86,44.2 2 1
